<?xml version="1.0" encoding="UTF-8"?>
<!-- Generated by org.testng.reporters.JUnitReportReporter -->
<testsuite hostname="FTKRL1755" name="developementexercise.patterns.AccountDataFormatCorrectnessAnalizerTest" tests="2" failures="0" timestamp="22 May 2016 16:07:21 GMT" time="0.006" errors="0">
  <testcase name="isPasswordCorrectTest" time="0.006" classname="developementexercise.patterns.AccountDataFormatCorrectnessAnalizerTest"/>
  <testcase name="isUsernameCorrectTest" time="0.000" classname="developementexercise.patterns.AccountDataFormatCorrectnessAnalizerTest"/>
</testsuite> <!-- developementexercise.patterns.AccountDataFormatCorrectnessAnalizerTest -->
